<?xml version="1.0" encoding="UTF-8"?>
<!-- Generated by org.testng.reporters.JUnitReportReporter -->
<testsuite hostname="DESKTOP-E5GIE34" failures="0" tests="1" name="com.javalaya.irctc.testrunner.IRCTC_Runner" time="71.643" errors="0" timestamp="2022-06-01T21:42:14 IST" skipped="0">
  <testcase classname="com.javalaya.irctc.testrunner.IRCTC_Runner" name="validate_OneWayRadioTest" time="71.643"/>
  <system-out>
    <![CDATA[Step 1: chrome is loaded successfully
Step 2: https://www.irctc.co.in/ is loaded successfully
Step 3: ok clicked successfully
Step 4: clicked Flights successfully
Step 5: Verified One-Way Selected
pass
6. Browser is closed]]>
  </system-out>
</testsuite> <!-- com.javalaya.irctc.testrunner.IRCTC_Runner -->
